TN:
SF:src/index.js
FN:2,generateDiff
FN:39,genDiff
FNF:2
FNH:1
FNDA:1,generateDiff
FNDA:0,genDiff
DA:1,1
DA:2,1
DA:3,1
DA:4,1
DA:5,1
DA:6,1
DA:7,1
DA:8,1
DA:9,1
DA:10,1
DA:11,1
DA:12,1
DA:13,1
DA:14,1
DA:15,1
DA:16,5
DA:17,5
DA:18,5
DA:19,1
DA:20,1
DA:21,5
DA:22,5
DA:23,2
DA:24,2
DA:25,2
DA:26,5
DA:27,1
DA:28,1
DA:29,5
DA:30,1
DA:31,1
DA:32,5
DA:33,1
DA:34,1
DA:35,1
DA:36,1
DA:37,1
DA:38,1
DA:39,0
DA:40,0
DA:41,0
DA:42,0
DA:43,0
DA:44,0
DA:45,0
DA:46,0
DA:47,0
DA:48,0
DA:49,0
DA:50,0
DA:51,0
DA:52,0
DA:53,0
DA:54,0
DA:55,0
DA:56,0
DA:57,0
DA:58,1
DA:59,1
DA:60,1
DA:61,1
DA:62,1
DA:63,1
DA:64,1
DA:65,1
DA:66,1
DA:67,1
LF:67
LH:48
BRDA:1,0,0,1
BRDA:2,1,0,1
BRDA:15,2,0,5
BRDA:18,3,0,1
BRDA:21,4,0,4
BRDA:22,5,0,3
BRDA:22,6,0,2
BRDA:26,7,0,1
BRDA:26,8,0,1
BRDA:29,9,0,1
BRDA:32,10,0,1
BRDA:35,11,0,0
BRF:12
BRH:11
end_of_record
